TN:
SF:D:\CourseFolder\COMP-531\COMP-531\hw5\src\actions.js
FN:0,_interopRequireDefault
FN:6,resource
FN:18,(anonymous_3)
FNF:3
FNH:1
FNDA:2,_interopRequireDefault
FNDA:0,resource
FNDA:0,(anonymous_3)
DA:0,2
DA:1,1
DA:2,1
DA:4,1
DA:6,1
DA:7,0
DA:14,0
DA:17,0
DA:19,0
DA:20,0
DA:24,0
DA:30,1
LF:12
LH:6
BRDA:0,1,0,0
BRDA:0,1,1,2
BRDA:0,2,0,2
BRDA:0,2,1,2
BRDA:14,3,0,0
BRDA:14,3,1,0
BRDA:19,4,0,0
BRDA:19,4,1,0
BRDA:20,5,0,0
BRDA:20,5,1,0
BRF:10
BRH:4
end_of_record
TN:
SF:D:\CourseFolder\COMP-531\COMP-531\hw5\src\actions.spec.js
FN:0,_interopRequireDefault
FN:7,(anonymous_2)
FN:9,(anonymous_3)
FN:19,(anonymous_4)
FN:26,(anonymous_5)
FN:38,(anonymous_6)
FN:46,(anonymous_7)
FN:56,(anonymous_8)
FN:65,(anonymous_9)
FN:79,(anonymous_10)
FN:92,setup
FN:92,resource
FN:92,(anonymous_13)
FNF:13
FNH:7
FNDA:2,_interopRequireDefault
FNDA:1,(anonymous_2)
FNDA:3,(anonymous_3)
FNDA:3,(anonymous_4)
FNDA:1,(anonymous_5)
FNDA:0,(anonymous_6)
FNDA:1,(anonymous_7)
FNDA:0,(anonymous_8)
FNDA:1,(anonymous_9)
FNDA:0,(anonymous_10)
FNDA:0,setup
FNDA:0,resource
FNDA:0,(anonymous_13)
DA:0,2
DA:1,1
DA:2,1
DA:3,1
DA:6,1
DA:7,1
DA:9,1
DA:10,3
DA:11,0
DA:12,0
DA:13,0
DA:14,0
DA:15,0
DA:19,1
DA:20,3
DA:21,0
DA:22,0
DA:26,1
DA:28,1
DA:29,1
DA:31,1
DA:37,1
DA:39,0
DA:40,0
DA:46,1
DA:47,1
DA:49,1
DA:55,1
DA:57,0
DA:58,0
DA:65,1
DA:66,1
DA:67,1
DA:69,1
DA:76,1
DA:80,0
DA:92,1
LF:37
LH:25
BRDA:0,1,0,0
BRDA:0,1,1,2
BRDA:0,2,0,2
BRDA:0,2,1,2
BRDA:10,3,0,0
BRDA:10,3,1,3
BRDA:20,4,0,0
BRDA:20,4,1,3
BRF:8
BRH:6
end_of_record
TN:
SF:D:\CourseFolder\COMP-531\COMP-531\hw5\src\components\app.js
FN:0,_interopRequireDefault
FN:10,App
FN:29,(anonymous_3)
FN:35,(anonymous_4)
FNF:4
FNH:1
FNDA:4,_interopRequireDefault
FNDA:0,App
FNDA:0,(anonymous_3)
FNDA:0,(anonymous_4)
DA:0,4
DA:1,1
DA:2,1
DA:4,1
DA:5,1
DA:6,1
DA:10,1
DA:12,0
DA:13,0
DA:15,0
DA:16,0
DA:19,0
DA:24,1
DA:28,1
DA:30,0
DA:36,0
LF:16
LH:9
BRDA:0,1,0,3
BRDA:0,1,1,1
BRDA:0,2,0,4
BRDA:0,2,1,4
BRDA:12,3,0,0
BRDA:12,3,1,0
BRDA:15,4,0,0
BRDA:15,4,1,0
BRF:8
BRH:4
end_of_record
TN:
SF:D:\CourseFolder\COMP-531\COMP-531\hw5\src\components\auth\landing.js
FN:0,_interopRequireDefault
FN:9,Landing
FNF:2
FNH:1
FNDA:3,_interopRequireDefault
FNDA:0,Landing
DA:0,3
DA:1,1
DA:2,1
DA:4,1
DA:5,1
DA:9,1
DA:10,0
DA:34,1
DA:38,1
LF:9
LH:8
BRDA:0,1,0,2
BRDA:0,1,1,1
BRDA:0,2,0,3
BRDA:0,2,1,3
BRF:4
BRH:4
end_of_record
TN:
SF:D:\CourseFolder\COMP-531\COMP-531\hw5\src\components\auth\register.js
FN:0,_interopRequireDefault
FN:5,Register
FNF:2
FNH:1
FNDA:1,_interopRequireDefault
FNDA:0,Register
DA:0,1
DA:1,1
DA:2,1
DA:5,1
DA:6,0
DA:50,1
DA:54,1
LF:7
LH:6
BRDA:0,1,0,0
BRDA:0,1,1,1
BRDA:0,2,0,1
BRDA:0,2,1,1
BRF:4
BRH:4
end_of_record
TN:
SF:D:\CourseFolder\COMP-531\COMP-531\hw5\src\components\auth\login.js
FN:0,_interopRequireDefault
FN:5,Login
FN:10,_login
FN:18,ref
FN:22,ref
FN:33,(anonymous_6)
FNF:6
FNH:1
FNDA:2,_interopRequireDefault
FNDA:0,Login
FNDA:0,_login
FNDA:0,ref
FNDA:0,ref
FNDA:0,(anonymous_6)
DA:0,2
DA:1,1
DA:2,1
DA:3,1
DA:5,1
DA:6,0
DA:7,0
DA:10,0
DA:11,0
DA:15,0
DA:18,0
DA:22,0
DA:32,1
DA:34,0
LF:14
LH:6
BRDA:0,1,0,1
BRDA:0,1,1,1
BRDA:0,2,0,2
BRDA:0,2,1,2
BRF:4
BRH:4
end_of_record
TN:
SF:D:\CourseFolder\COMP-531\COMP-531\hw5\src\components\auth\authActions.js
FN:0,_interopRequireDefault
FN:8,init
FN:9,(anonymous_3)
FN:11,(anonymous_4)
FN:18,(anonymous_5)
FN:26,LoginAction
FN:27,(anonymous_7)
FN:29,(anonymous_8)
FN:32,(anonymous_9)
FN:39,LogoutAction
FN:40,(anonymous_11)
FN:43,(anonymous_12)
FN:50,Register
FN:51,(anonymous_14)
FN:54,(anonymous_15)
FNF:15
FNH:1
FNDA:1,_interopRequireDefault
FNDA:0,init
FNDA:0,(anonymous_3)
FNDA:0,(anonymous_4)
FNDA:0,(anonymous_5)
FNDA:0,LoginAction
FNDA:0,(anonymous_7)
FNDA:0,(anonymous_8)
FNDA:0,(anonymous_9)
FNDA:0,LogoutAction
FNDA:0,(anonymous_11)
FNDA:0,(anonymous_12)
FNDA:0,Register
FNDA:0,(anonymous_14)
FNDA:0,(anonymous_15)
DA:0,1
DA:1,1
DA:2,1
DA:3,1
DA:4,1
DA:5,1
DA:6,1
DA:8,1
DA:9,0
DA:10,0
DA:12,0
DA:13,0
DA:14,0
DA:15,0
DA:16,0
DA:26,1
DA:27,0
DA:28,0
DA:30,0
DA:31,0
DA:33,0
DA:34,0
DA:39,1
DA:40,0
DA:41,0
DA:44,0
DA:45,0
DA:50,1
DA:51,0
DA:52,0
DA:55,0
DA:60,1
LF:32
LH:12
BRDA:0,1,0,0
BRDA:0,1,1,1
BRDA:0,2,0,1
BRDA:0,2,1,1
BRF:4
BRH:4
end_of_record
TN:
SF:D:\CourseFolder\COMP-531\COMP-531\hw5\src\components\profile\profileActions.js
FN:0,_interopRequireDefault
FN:5,fetchProfile
FN:6,(anonymous_3)
FN:14,updateHeadline
FN:15,(anonymous_5)
FN:18,updateField
FN:19,(anonymous_7)
FN:23,(anonymous_8)
FN:32,fetchProfileField
FN:33,(anonymous_10)
FN:34,(anonymous_11)
FNF:11
FNH:1
FNDA:2,_interopRequireDefault
FNDA:0,fetchProfile
FNDA:0,(anonymous_3)
FNDA:0,updateHeadline
FNDA:0,(anonymous_5)
FNDA:0,updateField
FNDA:0,(anonymous_7)
FNDA:0,(anonymous_8)
FNDA:0,fetchProfileField
FNDA:0,(anonymous_10)
FNDA:0,(anonymous_11)
DA:0,2
DA:1,1
DA:2,1
DA:3,1
DA:5,1
DA:6,0
DA:7,0
DA:8,0
DA:9,0
DA:10,0
DA:14,1
DA:15,0
DA:18,1
DA:19,0
DA:20,0
DA:21,0
DA:22,0
DA:23,0
DA:24,0
DA:25,0
DA:26,0
DA:32,1
DA:33,0
DA:34,0
DA:35,0
DA:36,0
DA:38,0
DA:41,0
DA:44,0
DA:47,0
DA:51,0
LF:31
LH:8
BRDA:0,1,0,1
BRDA:0,1,1,1
BRDA:0,2,0,2
BRDA:0,2,1,2
BRDA:20,3,0,0
BRDA:20,3,1,0
BRDA:37,4,0,0
BRDA:37,4,1,0
BRDA:37,4,2,0
BRDA:37,4,3,0
BRF:10
BRH:4
end_of_record
TN:
SF:D:\CourseFolder\COMP-531\COMP-531\hw5\src\components\main\followingActions.js
FN:0,_interopRequireDefault
FN:5,fetchFollowers
FN:6,(anonymous_3)
FN:14,(anonymous_4)
FN:20,(anonymous_5)
FN:24,(anonymous_6)
FN:25,(anonymous_7)
FN:34,(anonymous_8)
FN:35,(anonymous_9)
FN:43,(anonymous_10)
FN:48,(anonymous_11)
FN:52,unfollow
FN:60,follow
FNF:13
FNH:1
FNDA:1,_interopRequireDefault
FNDA:0,fetchFollowers
FNDA:0,(anonymous_3)
FNDA:0,(anonymous_4)
FNDA:0,(anonymous_5)
FNDA:0,(anonymous_6)
FNDA:0,(anonymous_7)
FNDA:0,(anonymous_8)
FNDA:0,(anonymous_9)
FNDA:0,(anonymous_10)
FNDA:0,(anonymous_11)
FNDA:0,unfollow
FNDA:0,follow
DA:0,1
DA:1,1
DA:2,1
DA:3,1
DA:5,1
DA:6,0
DA:8,0
DA:9,0
DA:13,0
DA:16,0
DA:17,0
DA:20,0
DA:21,0
DA:23,0
DA:25,0
DA:26,0
DA:27,0
DA:28,0
DA:33,0
DA:35,0
DA:36,0
DA:37,0
DA:38,0
DA:43,0
DA:44,0
DA:48,0
DA:52,1
DA:53,0
DA:54,0
DA:55,0
DA:60,1
DA:61,0
LF:32
LH:7
BRDA:0,1,0,0
BRDA:0,1,1,1
BRDA:0,2,0,1
BRDA:0,2,1,1
BRDA:8,3,0,0
BRDA:8,3,1,0
BRDA:8,4,0,0
BRDA:8,4,1,0
BRDA:13,5,0,0
BRDA:13,5,1,0
BRDA:13,6,0,0
BRDA:13,6,1,0
BRDA:16,7,0,0
BRDA:16,7,1,0
BRDA:16,8,0,0
BRDA:16,8,1,0
BRDA:27,9,0,0
BRDA:27,9,1,0
BRDA:37,10,0,0
BRDA:37,10,1,0
BRF:20
BRH:4
end_of_record
TN:
SF:D:\CourseFolder\COMP-531\COMP-531\hw5\src\components\article\articleActions.js
FN:0,_interopRequireDefault
FN:0,_toConsumableArray
FN:7,fetchArticles
FN:8,(anonymous_4)
FN:10,(anonymous_5)
FN:11,(anonymous_6)
FN:19,(anonymous_7)
FN:20,(anonymous_8)
FN:20,(anonymous_9)
FN:22,(anonymous_10)
FN:26,(anonymous_11)
FN:27,(anonymous_12)
FN:34,(anonymous_13)
FN:40,searchKeyword
FN:44,addArticle
FN:47,(anonymous_16)
FNF:16
FNH:2
FNDA:1,_interopRequireDefault
FNDA:0,_toConsumableArray
FNDA:0,fetchArticles
FNDA:0,(anonymous_4)
FNDA:0,(anonymous_5)
FNDA:0,(anonymous_6)
FNDA:0,(anonymous_7)
FNDA:0,(anonymous_8)
FNDA:0,(anonymous_9)
FNDA:0,(anonymous_10)
FNDA:0,(anonymous_11)
FNDA:0,(anonymous_12)
FNDA:0,(anonymous_13)
FNDA:0,searchKeyword
FNDA:0,addArticle
FNDA:0,(anonymous_16)
DA:0,1
DA:1,1
DA:2,1
DA:4,1
DA:7,1
DA:8,0
DA:9,0
DA:11,0
DA:12,0
DA:13,0
DA:16,0
DA:18,0
DA:19,0
DA:20,0
DA:21,0
DA:22,0
DA:24,0
DA:25,0
DA:27,0
DA:28,0
DA:30,0
DA:35,0
DA:40,1
DA:41,0
DA:44,1
DA:45,0
DA:47,0
DA:48,0
DA:49,0
DA:57,0
LF:30
LH:7
BRDA:0,1,0,0
BRDA:0,1,1,1
BRDA:0,2,0,1
BRDA:0,2,1,1
BRDA:0,3,0,0
BRDA:0,3,1,0
BRDA:24,4,0,0
BRDA:24,4,1,0
BRDA:45,5,0,0
BRDA:45,5,1,0
BRF:10
BRH:6
end_of_record
TN:
SF:D:\CourseFolder\COMP-531\COMP-531\hw5\src\components\profile\profile.js
FN:0,_interopRequireDefault
FN:9,Profile
FNF:2
FNH:1
FNDA:4,_interopRequireDefault
FNDA:0,Profile
DA:0,4
DA:1,1
DA:2,1
DA:5,1
DA:6,1
DA:7,1
DA:9,1
DA:10,0
DA:22,1
DA:24,1
LF:10
LH:9
BRDA:0,1,0,3
BRDA:0,1,1,1
BRDA:0,2,0,4
BRDA:0,2,1,4
BRF:4
BRH:4
end_of_record
TN:
SF:D:\CourseFolder\COMP-531\COMP-531\hw5\src\components\profile\avatar.js
FN:0,_interopRequireDefault
FN:4,Avatar
FN:30,(anonymous_3)
FNF:3
FNH:1
FNDA:1,_interopRequireDefault
FNDA:0,Avatar
FNDA:0,(anonymous_3)
DA:0,1
DA:1,1
DA:2,1
DA:4,1
DA:5,0
DA:29,1
DA:31,0
LF:7
LH:5
BRDA:0,1,0,0
BRDA:0,1,1,1
BRDA:0,2,0,1
BRDA:0,2,1,1
BRF:4
BRH:4
end_of_record
TN:
SF:D:\CourseFolder\COMP-531\COMP-531\hw5\src\components\profile\profileForm.js
FN:0,_interopRequireDefault
FN:4,ProfileForm
FNF:2
FNH:1
FNDA:1,_interopRequireDefault
FNDA:0,ProfileForm
DA:0,1
DA:1,1
DA:2,1
DA:4,1
DA:5,0
DA:61,1
DA:64,1
LF:7
LH:6
BRDA:0,1,0,0
BRDA:0,1,1,1
BRDA:0,2,0,1
BRDA:0,2,1,1
BRF:4
BRH:4
end_of_record
TN:
SF:D:\CourseFolder\COMP-531\COMP-531\hw5\src\components\profile\profileNav.js
FN:0,_interopRequireDefault
FN:6,ProfileNav
FN:33,(anonymous_3)
FN:35,toHome
FNF:4
FNH:1
FNDA:1,_interopRequireDefault
FNDA:0,ProfileNav
FNDA:0,(anonymous_3)
FNDA:0,toHome
DA:0,1
DA:1,1
DA:2,1
DA:6,1
DA:7,0
DA:28,1
DA:32,1
DA:34,0
DA:35,0
LF:9
LH:6
BRDA:0,1,0,0
BRDA:0,1,1,1
BRDA:0,2,0,1
BRDA:0,2,1,1
BRF:4
BRH:4
end_of_record
TN:
SF:D:\CourseFolder\COMP-531\COMP-531\hw5\src\components\main\main.js
FN:0,_interopRequireDefault
FN:7,Main
FNF:2
FNH:1
FNDA:3,_interopRequireDefault
FNDA:0,Main
DA:0,3
DA:1,1
DA:2,1
DA:4,1
DA:5,1
DA:7,1
DA:8,0
DA:17,1
DA:21,1
LF:9
LH:8
BRDA:0,1,0,2
BRDA:0,1,1,1
BRDA:0,2,0,3
BRDA:0,2,1,3
BRF:4
BRH:4
end_of_record
TN:
SF:D:\CourseFolder\COMP-531\COMP-531\hw5\src\components\main\nav.js
FN:0,_interopRequireDefault
FN:10,Nav
FN:19,onClick
FN:20,onClick
FNF:4
FNH:1
FNDA:3,_interopRequireDefault
FNDA:0,Nav
FNDA:0,onClick
FNDA:0,onClick
DA:0,3
DA:1,1
DA:2,1
DA:4,1
DA:5,1
DA:6,1
DA:10,1
DA:11,0
DA:13,0
DA:19,0
DA:20,0
DA:31,1
LF:12
LH:8
BRDA:0,1,0,2
BRDA:0,1,1,1
BRDA:0,2,0,3
BRDA:0,2,1,3
BRF:4
BRH:4
end_of_record
TN:
SF:D:\CourseFolder\COMP-531\COMP-531\hw5\src\components\main\mobileNav.js
FN:0,(anonymous_1)
FN:0,_interopRequireDefault
FN:10,MobileNav
FN:15,onClick
FN:18,onClick
FN:33,(anonymous_6)
FN:33,(anonymous_7)
FN:55,(anonymous_8)
FNF:8
FNH:2
FNDA:0,(anonymous_1)
FNDA:3,_interopRequireDefault
FNDA:0,MobileNav
FNDA:0,onClick
FNDA:0,onClick
FNDA:0,(anonymous_6)
FNDA:0,(anonymous_7)
FNDA:0,(anonymous_8)
DA:0,3
DA:1,1
DA:2,1
DA:3,1
DA:4,1
DA:5,1
DA:7,1
DA:10,1
DA:13,0
DA:15,0
DA:18,0
DA:33,0
DA:34,0
DA:43,1
DA:54,1
DA:56,0
LF:16
LH:10
BRDA:0,1,0,1
BRDA:0,1,1,0
BRDA:0,2,0,0
BRDA:0,2,1,0
BRDA:0,3,0,2
BRDA:0,3,1,1
BRDA:0,4,0,3
BRDA:0,4,1,3
BRF:8
BRH:8
end_of_record
TN:
SF:D:\CourseFolder\COMP-531\COMP-531\hw5\src\components\main\userView.js
FN:0,_interopRequireDefault
FN:7,UserView
FN:17,ref
FN:19,onClick
FNF:4
FNH:1
FNDA:1,_interopRequireDefault
FNDA:0,UserView
FNDA:0,ref
FNDA:0,onClick
DA:0,1
DA:1,1
DA:2,1
DA:4,1
DA:7,1
DA:9,0
DA:12,0
DA:17,0
DA:20,0
DA:21,0
DA:27,1
DA:35,1
LF:12
LH:7
BRDA:0,1,0,0
BRDA:0,1,1,1
BRDA:0,2,0,1
BRDA:0,2,1,1
BRF:4
BRH:4
end_of_record
TN:
SF:D:\CourseFolder\COMP-531\COMP-531\hw5\src\components\main\following.js
FN:0,_interopRequireDefault
FN:7,Following
FN:12,onClick
FNF:3
FNH:1
FNDA:1,_interopRequireDefault
FNDA:0,Following
FNDA:0,onClick
DA:0,1
DA:1,1
DA:2,1
DA:4,1
DA:7,1
DA:8,0
DA:12,0
DA:17,1
DA:24,1
LF:9
LH:7
BRDA:0,1,0,0
BRDA:0,1,1,1
BRDA:0,2,0,1
BRDA:0,2,1,1
BRF:4
BRH:4
end_of_record
TN:
SF:D:\CourseFolder\COMP-531\COMP-531\hw5\src\components\main\sideNav.js
FN:0,_interopRequireDefault
FN:7,SideNav
FN:16,(anonymous_3)
FN:16,(anonymous_4)
FN:24,ref
FN:26,onClick
FN:41,(anonymous_7)
FNF:7
FNH:1
FNDA:3,_interopRequireDefault
FNDA:0,SideNav
FNDA:0,(anonymous_3)
FNDA:0,(anonymous_4)
FNDA:0,ref
FNDA:0,onClick
FNDA:0,(anonymous_7)
DA:0,3
DA:1,1
DA:2,1
DA:3,1
DA:4,1
DA:6,1
DA:7,1
DA:8,0
DA:9,0
DA:16,0
DA:17,0
DA:24,0
DA:27,0
DA:28,0
DA:40,1
DA:42,0
LF:16
LH:8
BRDA:0,1,0,2
BRDA:0,1,1,1
BRDA:0,2,0,3
BRDA:0,2,1,3
BRF:4
BRH:4
end_of_record
TN:
SF:D:\CourseFolder\COMP-531\COMP-531\hw5\src\components\article\articlesView.js
FN:0,(anonymous_1)
FN:0,_interopRequireDefault
FN:9,ArticlesView
FN:18,ref
FN:18,onChange
FN:21,(anonymous_6)
FN:23,(anonymous_7)
FN:40,filter
FN:41,(anonymous_9)
FN:43,(anonymous_10)
FN:48,(anonymous_11)
FN:49,(anonymous_12)
FN:60,(anonymous_13)
FNF:13
FNH:6
FNDA:0,(anonymous_1)
FNDA:3,_interopRequireDefault
FNDA:0,ArticlesView
FNDA:0,ref
FNDA:0,onChange
FNDA:0,(anonymous_6)
FNDA:0,(anonymous_7)
FNDA:1,filter
FNDA:2,(anonymous_9)
FNDA:2,(anonymous_10)
FNDA:1,(anonymous_11)
FNDA:0,(anonymous_12)
FNDA:0,(anonymous_13)
DA:0,3
DA:1,1
DA:2,1
DA:4,1
DA:5,1
DA:6,1
DA:9,1
DA:11,0
DA:14,0
DA:18,0
DA:22,0
DA:24,0
DA:33,1
DA:40,1
DA:41,2
DA:42,1
DA:43,1
DA:44,2
DA:48,1
DA:49,1
DA:50,0
DA:53,1
DA:59,1
DA:61,0
DA:62,0
DA:63,0
DA:64,0
DA:66,0
LF:28
LH:17
BRDA:0,1,0,1
BRDA:0,1,1,0
BRDA:0,2,0,0
BRDA:0,2,1,0
BRDA:0,3,0,2
BRDA:0,3,1,1
BRDA:0,4,0,3
BRDA:0,4,1,3
BRDA:22,5,0,0
BRDA:22,5,1,0
BRDA:22,6,0,0
BRDA:22,6,1,0
BRDA:42,7,0,1
BRDA:42,7,1,0
BRDA:42,8,0,1
BRDA:42,8,1,1
BRDA:44,9,0,2
BRDA:44,9,1,1
BRF:18
BRH:13
end_of_record
TN:
SF:D:\CourseFolder\COMP-531\COMP-531\hw5\src\components\article\article.js
FN:0,(anonymous_1)
FN:0,_interopRequireDefault
FN:9,componentWillMount
FN:13,render
FN:28,onClick
FN:35,(anonymous_6)
FN:37,(anonymous_7)
FNF:7
FNH:2
FNDA:0,(anonymous_1)
FNDA:2,_interopRequireDefault
FNDA:0,componentWillMount
FNDA:0,render
FNDA:0,onClick
FNDA:0,(anonymous_6)
FNDA:0,(anonymous_7)
DA:0,2
DA:1,1
DA:2,1
DA:4,1
DA:6,1
DA:8,1
DA:10,0
DA:15,0
DA:28,0
DA:29,0
DA:36,0
DA:38,0
DA:49,1
DA:60,1
LF:14
LH:8
BRDA:0,1,0,1
BRDA:0,1,1,0
BRDA:0,2,0,0
BRDA:0,2,1,0
BRDA:0,3,0,1
BRDA:0,3,1,1
BRDA:0,4,0,2
BRDA:0,4,1,2
BRDA:31,5,0,0
BRDA:31,5,1,0
BRDA:35,6,0,0
BRDA:35,6,1,0
BRDA:36,7,0,0
BRDA:36,7,1,0
BRDA:36,8,0,0
BRDA:36,8,1,0
BRF:16
BRH:8
end_of_record
TN:
SF:D:\CourseFolder\COMP-531\COMP-531\hw5\src\components\article\comment.js
FN:0,_interopRequireDefault
FN:4,Comment
FNF:2
FNH:1
FNDA:1,_interopRequireDefault
FNDA:0,Comment
DA:0,1
DA:1,1
DA:2,1
DA:4,1
DA:10,0
DA:21,1
DA:29,1
LF:7
LH:6
BRDA:0,1,0,0
BRDA:0,1,1,1
BRDA:0,2,0,1
BRDA:0,2,1,1
BRF:4
BRH:4
end_of_record
TN:
SF:D:\CourseFolder\COMP-531\COMP-531\hw5\src\components\article\newArticle.js
FN:0,_interopRequireDefault
FN:5,NewArticle
FN:15,ref
FN:19,ref
FN:24,onClick
FN:28,onClick
FNF:6
FNH:1
FNDA:1,_interopRequireDefault
FNDA:0,NewArticle
FNDA:0,ref
FNDA:0,ref
FNDA:0,onClick
FNDA:0,onClick
DA:0,1
DA:1,1
DA:2,1
DA:3,1
DA:5,1
DA:7,0
DA:8,0
DA:10,0
DA:15,0
DA:19,0
DA:24,0
DA:25,0
DA:26,0
DA:28,0
DA:37,1
LF:15
LH:6
BRDA:0,1,0,0
BRDA:0,1,1,1
BRDA:0,2,0,1
BRDA:0,2,1,1
BRF:4
BRH:4
end_of_record
TN:
SF:D:\CourseFolder\COMP-531\COMP-531\hw5\src\components\article\articleActions.spec.js
FN:0,_interopRequireDefault
FN:6,(anonymous_2)
FN:8,(anonymous_3)
FN:19,(anonymous_4)
FN:27,(anonymous_5)
FN:33,(anonymous_6)
FN:37,(anonymous_7)
FN:38,(anonymous_8)
FN:47,(anonymous_9)
FN:57,(anonymous_10)
FN:58,(anonymous_11)
FN:64,(anonymous_12)
FNF:12
FNH:7
FNDA:2,_interopRequireDefault
FNDA:1,(anonymous_2)
FNDA:3,(anonymous_3)
FNDA:3,(anonymous_4)
FNDA:1,(anonymous_5)
FNDA:1,(anonymous_6)
FNDA:0,(anonymous_7)
FNDA:0,(anonymous_8)
FNDA:1,(anonymous_9)
FNDA:0,(anonymous_10)
FNDA:0,(anonymous_11)
FNDA:0,(anonymous_12)
DA:0,2
DA:1,1
DA:2,1
DA:3,1
DA:5,1
DA:6,1
DA:8,1
DA:9,3
DA:10,0
DA:11,0
DA:12,0
DA:13,0
DA:14,0
DA:15,0
DA:19,1
DA:20,3
DA:21,0
DA:22,0
DA:27,1
DA:28,1
DA:29,1
DA:33,1
DA:34,1
DA:35,1
DA:36,1
DA:38,0
DA:39,0
DA:47,1
DA:48,1
DA:50,1
DA:56,1
DA:58,0
DA:59,0
DA:64,0
LF:34
LH:21
BRDA:0,1,0,0
BRDA:0,1,1,2
BRDA:0,2,0,2
BRDA:0,2,1,2
BRDA:9,3,0,0
BRDA:9,3,1,3
BRDA:20,4,0,0
BRDA:20,4,1,3
BRDA:39,5,0,0
BRDA:39,5,1,0
BRDA:39,5,2,0
BRDA:59,6,0,0
BRDA:59,6,1,0
BRF:13
BRH:6
end_of_record
TN:
SF:D:\CourseFolder\COMP-531\COMP-531\hw5\src\components\article\articlesView.spec.js
FN:0,(anonymous_1)
FN:0,_interopRequireDefault
FN:10,(anonymous_3)
FN:14,(anonymous_4)
FN:20,dispatch
FN:27,(anonymous_6)
FNF:6
FNH:5
FNDA:0,(anonymous_1)
FNDA:2,_interopRequireDefault
FNDA:1,(anonymous_3)
FNDA:1,(anonymous_4)
FNDA:0,dispatch
FNDA:1,(anonymous_6)
DA:0,2
DA:1,1
DA:2,1
DA:3,1
DA:4,1
DA:5,1
DA:6,1
DA:7,1
DA:8,1
DA:10,1
DA:14,1
DA:16,1
DA:18,1
DA:20,0
DA:23,1
DA:27,1
DA:28,1
DA:30,1
DA:31,1
DA:32,1
DA:33,1
LF:21
LH:20
BRDA:0,1,0,1
BRDA:0,1,1,0
BRDA:0,2,0,0
BRDA:0,2,1,0
BRDA:0,3,0,0
BRDA:0,3,1,2
BRDA:0,4,0,2
BRDA:0,4,1,2
BRF:8
BRH:8
end_of_record
TN:
SF:D:\CourseFolder\COMP-531\COMP-531\hw5\src\components\auth\authActions.spec.js
FN:0,_interopRequireDefault
FN:7,(anonymous_2)
FN:9,(anonymous_3)
FN:21,(anonymous_4)
FN:28,(anonymous_5)
FN:47,(anonymous_6)
FN:63,(anonymous_7)
FN:71,(anonymous_8)
FN:82,(anonymous_9)
FN:95,(anonymous_10)
FN:105,(anonymous_11)
FN:112,(anonymous_12)
FNF:12
FNH:8
FNDA:2,_interopRequireDefault
FNDA:1,(anonymous_2)
FNDA:4,(anonymous_3)
FNDA:4,(anonymous_4)
FNDA:1,(anonymous_5)
FNDA:0,(anonymous_6)
FNDA:1,(anonymous_7)
FNDA:0,(anonymous_8)
FNDA:1,(anonymous_9)
FNDA:0,(anonymous_10)
FNDA:1,(anonymous_11)
FNDA:0,(anonymous_12)
DA:0,2
DA:1,1
DA:2,1
DA:3,1
DA:6,1
DA:7,1
DA:9,1
DA:10,4
DA:11,0
DA:12,0
DA:13,0
DA:14,0
DA:15,0
DA:16,0
DA:21,1
DA:22,4
DA:23,0
DA:24,0
DA:28,1
DA:30,1
DA:31,1
DA:34,1
DA:40,1
DA:45,1
DA:46,1
DA:48,0
DA:49,0
DA:55,0
DA:63,1
DA:64,1
DA:70,1
DA:72,0
DA:82,1
DA:83,1
DA:84,1
DA:86,1
DA:88,1
DA:94,1
DA:96,0
DA:105,1
DA:106,1
DA:111,1
DA:113,0
LF:43
LH:29
BRDA:0,1,0,0
BRDA:0,1,1,2
BRDA:0,2,0,2
BRDA:0,2,1,2
BRDA:10,3,0,0
BRDA:10,3,1,4
BRDA:22,4,0,0
BRDA:22,4,1,4
BRDA:48,5,0,0
BRDA:48,5,1,0
BRDA:55,6,0,0
BRDA:55,6,1,0
BRF:12
BRH:6
end_of_record
TN:
SF:D:\CourseFolder\COMP-531\COMP-531\hw5\src\components\profile\profileActions.spec.js
FN:0,_interopRequireDefault
FN:6,(anonymous_2)
FN:8,(anonymous_3)
FN:19,(anonymous_4)
FN:26,(anonymous_5)
FN:38,(anonymous_6)
FN:38,(anonymous_7)
FN:46,(anonymous_8)
FN:80,(anonymous_9)
FN:80,(anonymous_10)
FNF:10
FNH:6
FNDA:2,_interopRequireDefault
FNDA:1,(anonymous_2)
FNDA:2,(anonymous_3)
FNDA:2,(anonymous_4)
FNDA:1,(anonymous_5)
FNDA:0,(anonymous_6)
FNDA:0,(anonymous_7)
FNDA:1,(anonymous_8)
FNDA:0,(anonymous_9)
FNDA:0,(anonymous_10)
DA:0,2
DA:1,1
DA:2,1
DA:3,1
DA:5,1
DA:6,1
DA:8,1
DA:9,2
DA:10,0
DA:11,0
DA:12,0
DA:13,0
DA:14,0
DA:15,0
DA:19,1
DA:20,2
DA:21,0
DA:22,0
DA:26,1
DA:28,1
DA:29,1
DA:31,1
DA:37,1
DA:38,0
DA:39,0
DA:46,1
DA:48,1
DA:49,1
DA:50,1
DA:51,1
DA:53,1
DA:59,1
DA:65,1
DA:71,1
DA:78,1
DA:79,1
DA:80,0
DA:81,0
DA:82,0
DA:88,0
DA:89,0
DA:94,0
DA:95,0
DA:100,0
DA:101,0
LF:45
LH:26
BRDA:0,1,0,0
BRDA:0,1,1,2
BRDA:0,2,0,2
BRDA:0,2,1,2
BRDA:9,3,0,0
BRDA:9,3,1,2
BRDA:20,4,0,0
BRDA:20,4,1,2
BRDA:81,5,0,0
BRDA:81,5,1,0
BRDA:88,6,0,0
BRDA:88,6,1,0
BRDA:94,7,0,0
BRDA:94,7,1,0
BRDA:100,8,0,0
BRDA:100,8,1,0
BRF:16
BRH:6
end_of_record
TN:
SF:D:\CourseFolder\COMP-531\COMP-531\hw5\src\reducers.js
FN:0,(anonymous_1)
FN:4,common
FN:27,articles
FN:48,profile
FN:74,followers
FNF:5
FNH:5
FNDA:0,(anonymous_1)
FNDA:19,common
FNDA:19,articles
FNDA:19,profile
FNDA:19,followers
DA:0,1
DA:1,1
DA:4,19
DA:9,19
DA:10,19
DA:11,19
DA:13,1
DA:15,1
DA:17,1
DA:19,1
DA:21,1
DA:23,14
DA:27,19
DA:31,19
DA:32,19
DA:34,2
DA:36,1
DA:37,1
DA:38,1
DA:40,1
DA:42,1
DA:44,14
DA:48,19
DA:55,19
DA:56,19
DA:59,1
DA:61,4
DA:62,4
DA:63,4
DA:64,3
DA:65,2
DA:66,2
DA:67,1
DA:70,14
DA:74,19
DA:76,19
DA:77,19
DA:79,1
DA:81,18
DA:85,1
DA:87,1
LF:41
LH:41
BRDA:0,1,0,1
BRDA:0,1,1,0
BRDA:0,2,0,0
BRDA:0,2,1,0
BRDA:4,3,0,1
BRDA:4,3,1,18
BRDA:4,4,0,19
BRDA:4,4,1,19
BRDA:12,5,0,1
BRDA:12,5,1,1
BRDA:12,5,2,1
BRDA:12,5,3,1
BRDA:12,5,4,1
BRDA:12,5,5,14
BRDA:27,6,0,1
BRDA:27,6,1,18
BRDA:27,7,0,19
BRDA:27,7,1,19
BRDA:33,8,0,2
BRDA:33,8,1,1
BRDA:33,8,2,1
BRDA:33,8,3,1
BRDA:33,8,4,14
BRDA:48,9,0,1
BRDA:48,9,1,18
BRDA:48,10,0,19
BRDA:48,10,1,19
BRDA:57,11,0,0
BRDA:57,11,1,1
BRDA:57,11,2,4
BRDA:57,11,3,14
BRDA:61,12,0,0
BRDA:61,12,1,4
BRDA:62,13,0,0
BRDA:62,13,1,4
BRDA:63,14,0,1
BRDA:63,14,1,3
BRDA:64,15,0,1
BRDA:64,15,1,2
BRDA:65,16,0,0
BRDA:65,16,1,2
BRDA:66,17,0,1
BRDA:66,17,1,1
BRDA:67,18,0,1
BRDA:67,18,1,0
BRDA:74,19,0,1
BRDA:74,19,1,18
BRDA:74,20,0,19
BRDA:74,20,1,19
BRDA:78,21,0,1
BRDA:78,21,1,18
BRF:51
BRH:46
end_of_record
TN:
SF:D:\CourseFolder\COMP-531\COMP-531\hw5\src\reducers.spec.js
FN:0,(anonymous_1)
FN:0,_interopRequireDefault
FN:31,(anonymous_3)
FN:32,(anonymous_4)
FN:37,(anonymous_5)
FN:38,(anonymous_6)
FN:41,(anonymous_7)
FN:44,(anonymous_8)
FN:47,(anonymous_9)
FN:51,(anonymous_10)
FN:58,(anonymous_11)
FN:68,(anonymous_12)
FN:74,(anonymous_13)
FN:80,(anonymous_14)
FN:89,(anonymous_15)
FN:96,(anonymous_16)
FN:104,(anonymous_17)
FN:108,(anonymous_18)
FN:112,(anonymous_19)
FN:116,(anonymous_20)
FN:120,(anonymous_21)
FN:125,(anonymous_22)
FN:127,(anonymous_23)
FNF:23
FNH:23
FNDA:0,(anonymous_1)
FNDA:2,_interopRequireDefault
FNDA:1,(anonymous_3)
FNDA:1,(anonymous_4)
FNDA:1,(anonymous_5)
FNDA:1,(anonymous_6)
FNDA:1,(anonymous_7)
FNDA:1,(anonymous_8)
FNDA:1,(anonymous_9)
FNDA:1,(anonymous_10)
FNDA:1,(anonymous_11)
FNDA:1,(anonymous_12)
FNDA:1,(anonymous_13)
FNDA:1,(anonymous_14)
FNDA:1,(anonymous_15)
FNDA:1,(anonymous_16)
FNDA:1,(anonymous_17)
FNDA:1,(anonymous_18)
FNDA:1,(anonymous_19)
FNDA:1,(anonymous_20)
FNDA:1,(anonymous_21)
FNDA:1,(anonymous_22)
FNDA:1,(anonymous_23)
DA:0,2
DA:1,1
DA:2,1
DA:3,1
DA:6,1
DA:31,1
DA:32,1
DA:33,1
DA:37,1
DA:38,1
DA:39,1
DA:41,1
DA:42,1
DA:44,1
DA:45,1
DA:47,1
DA:48,1
DA:49,1
DA:51,1
DA:52,1
DA:53,1
DA:58,1
DA:59,1
DA:64,1
DA:68,1
DA:69,1
DA:72,1
DA:74,1
DA:76,1
DA:79,1
DA:80,1
DA:81,1
DA:84,1
DA:89,1
DA:90,1
DA:96,1
DA:97,1
DA:98,1
DA:99,1
DA:100,1
DA:101,1
DA:102,1
DA:104,1
DA:105,1
DA:108,1
DA:109,1
DA:112,1
DA:113,1
DA:116,1
DA:117,1
DA:120,1
DA:121,1
DA:125,1
DA:126,1
DA:127,1
DA:128,1
LF:56
LH:56
BRDA:0,1,0,1
BRDA:0,1,1,0
BRDA:0,2,0,0
BRDA:0,2,1,0
BRDA:0,3,0,1
BRDA:0,3,1,1
BRDA:0,4,0,2
BRDA:0,4,1,2
BRF:8
BRH:8
end_of_record
