
> stub@1.0.0 test D:\CourseFolder\COMP-531\COMP-531\hw6\backend
> mocha --opts mocha.opts ./src/*.spec.js "-R" "xunit"

<testsuite name="Mocha Tests" tests="5" failures="0" errors="0" skipped="0" timestamp="Sun, 06 Nov 2016 21:13:37 GMT" time="0.067">
<testcase classname="Validate POST /article" name="should GET articles" time="0.027"/>
<testcase classname="Validate POST /article" name="should POST a new articles" time="0.031"/>
<testcase classname="Validate POST /article" name="should GET articles with length + 1" time="0.001"/>
<testcase classname="validate PUT /headline" name="should GET headline for qw12" time="0.002"/>
<testcase classname="validate PUT /headline" name="should PUT headline for qw12" time="0.002"/>
</testsuite>
